# JRE version: OpenJDK Runtime Environment Microsoft-8297089 (17.0.8.1+1) (build 17.0.8.1+1-LTS)
# Java VM: OpenJDK 64-Bit Server VM Microsoft-8297089 (17.0.8.1+1-LTS, mixed mode, sharing, tiered, compressed oops, compressed class ptrs, g1 gc, windows-amd64)
GC Precious Log:
 CPUs: 4 total, 4 available
 Memory: 14274M
 Large Page Support: Disabled
 NUMA Support: Disabled
 Compressed Oops: Enabled (Zero based)
 Heap Region Size: 2M
 Heap Min Capacity: 8M
 Heap Initial Capacity: 8M
 Heap Max Capacity: 3570M
 Pre-touch: Disabled
 Parallel Workers: 4
 Concurrent Workers: 1
 Concurrent Refinement Workers: 4
 Periodic GC: Disabled
Heap:
 garbage-first heap   total 102400K, used 51368K [0x0000000720e00000, 0x0000000800000000)
  region size 2048K, 10 young (20480K), 2 survivors (4096K)
 Metaspace       used 8891K, committed 9088K, reserved 1114112K
  class space    used 955K, committed 1024K, reserved 1048576K
GC Heap History (20 events):
Event: 6.771 GC heap before
{Heap before GC invocations=18 (full 0):
 garbage-first heap   total 18432K, used 7885K [0x0000000720e00000, 0x0000000800000000)
  region size 2048K, 3 young (6144K), 1 survivors (2048K)
 Metaspace       used 7734K, committed 7936K, reserved 1114112K
  class space    used 863K, committed 960K, reserved 1048576K
}
Event: 6.773 GC heap after
{Heap after GC invocations=19 (full 0):
 garbage-first heap   total 22528K, used 8133K [0x0000000720e00000, 0x0000000800000000)
  region size 2048K, 1 young (2048K), 1 survivors (2048K)
 Metaspace       used 7734K, committed 7936K, reserved 1114112K
  class space    used 863K, committed 960K, reserved 1048576K
}
Event: 6.776 GC heap before
{Heap before GC invocations=19 (full 0):
 garbage-first heap   total 22528K, used 12229K [0x0000000720e00000, 0x0000000800000000)
  region size 2048K, 2 young (4096K), 1 survivors (2048K)
 Metaspace       used 7734K, committed 7936K, reserved 1114112K
  class space    used 863K, committed 960K, reserved 1048576K
}
Event: 6.778 GC heap after
{Heap after GC invocations=20 (full 0):
 garbage-first heap   total 22528K, used 12201K [0x0000000720e00000, 0x0000000800000000)
  region size 2048K, 1 young (2048K), 1 survivors (2048K)
 Metaspace       used 7734K, committed 7936K, reserved 1114112K
  class space    used 863K, committed 960K, reserved 1048576K
}
Event: 6.882 GC heap before
{Heap before GC invocations=21 (full 0):
 garbage-first heap   total 34816K, used 20393K [0x0000000720e00000, 0x0000000800000000)
  region size 2048K, 2 young (4096K), 1 survivors (2048K)
 Metaspace       used 7745K, committed 7936K, reserved 1114112K
  class space    used 863K, committed 960K, reserved 1048576K
}
Event: 6.884 GC heap after
{Heap after GC invocations=22 (full 0):
 garbage-first heap   total 34816K, used 18547K [0x0000000720e00000, 0x0000000800000000)
  region size 2048K, 1 young (2048K), 1 survivors (2048K)
 Metaspace       used 7745K, committed 7936K, reserved 1114112K
  class space    used 863K, committed 960K, reserved 1048576K
}
Event: 6.998 GC heap before
{Heap before GC invocations=22 (full 0):
 garbage-first heap   total 34816K, used 22643K [0x0000000720e00000, 0x0000000800000000)
  region size 2048K, 4 young (8192K), 1 survivors (2048K)
 Metaspace       used 7748K, committed 7936K, reserved 1114112K
  class space    used 863K, committed 960K, reserved 1048576K
}
Event: 7.001 GC heap after
{Heap after GC invocations=23 (full 0):
 garbage-first heap   total 34816K, used 19603K [0x0000000720e00000, 0x0000000800000000)
  region size 2048K, 1 young (2048K), 1 survivors (2048K)
 Metaspace       used 7748K, committed 7936K, reserved 1114112K
  class space    used 863K, committed 960K, reserved 1048576K
}
Event: 7.233 GC heap before
{Heap before GC invocations=24 (full 0):
 garbage-first heap   total 38912K, used 25747K [0x0000000720e00000, 0x0000000800000000)
  region size 2048K, 4 young (8192K), 1 survivors (2048K)
 Metaspace       used 7748K, committed 7936K, reserved 1114112K
  class space    used 863K, committed 960K, reserved 1048576K
}
Event: 7.236 GC heap after
{Heap after GC invocations=25 (full 0):
 garbage-first heap   total 69632K, used 20312K [0x0000000720e00000, 0x0000000800000000)
  region size 2048K, 1 young (2048K), 1 survivors (2048K)
 Metaspace       used 7748K, committed 7936K, reserved 1114112K
  class space    used 863K, committed 960K, reserved 1048576K
}
Event: 7.247 GC heap before
{Heap before GC invocations=25 (full 0):
 garbage-first heap   total 69632K, used 26456K [0x0000000720e00000, 0x0000000800000000)
  region size 2048K, 2 young (4096K), 1 survivors (2048K)
 Metaspace       used 7748K, committed 7936K, reserved 1114112K
  class space    used 863K, committed 960K, reserved 1048576K
}
Event: 7.248 GC heap after
{Heap after GC invocations=26 (full 0):
 garbage-first heap   total 69632K, used 26546K [0x0000000720e00000, 0x0000000800000000)
  region size 2048K, 1 young (2048K), 1 survivors (2048K)
 Metaspace       used 7748K, committed 7936K, reserved 1114112K
  class space    used 863K, committed 960K, reserved 1048576K
}
Event: 7.582 GC heap before
{Heap before GC invocations=26 (full 0):
 garbage-first heap   total 69632K, used 47026K [0x0000000720e00000, 0x0000000800000000)
  region size 2048K, 7 young (14336K), 1 survivors (2048K)
 Metaspace       used 7748K, committed 7936K, reserved 1114112K
  class space    used 863K, committed 960K, reserved 1048576K
}
Event: 7.589 GC heap after
{Heap after GC invocations=27 (full 0):
 garbage-first heap   total 69632K, used 24464K [0x0000000720e00000, 0x0000000800000000)
  region size 2048K, 2 young (4096K), 2 survivors (4096K)
 Metaspace       used 7748K, committed 7936K, reserved 1114112K
  class space    used 863K, committed 960K, reserved 1048576K
}
Event: 7.923 GC heap before
{Heap before GC invocations=27 (full 0):
 garbage-first heap   total 69632K, used 42896K [0x0000000720e00000, 0x0000000800000000)
  region size 2048K, 9 young (18432K), 2 survivors (4096K)
 Metaspace       used 7806K, committed 8000K, reserved 1114112K
  class space    used 863K, committed 960K, reserved 1048576K
}
Event: 7.930 GC heap after
{Heap after GC invocations=28 (full 0):
 garbage-first heap   total 69632K, used 25738K [0x0000000720e00000, 0x0000000800000000)
  region size 2048K, 2 young (4096K), 2 survivors (4096K)
 Metaspace       used 7806K, committed 8000K, reserved 1114112K
  class space    used 863K, committed 960K, reserved 1048576K
}
Event: 9.144 GC heap before
{Heap before GC invocations=28 (full 0):
 garbage-first heap   total 69632K, used 40074K [0x0000000720e00000, 0x0000000800000000)
  region size 2048K, 9 young (18432K), 2 survivors (4096K)
 Metaspace       used 7898K, committed 8064K, reserved 1114112K
  class space    used 863K, committed 960K, reserved 1048576K
}
Event: 9.150 GC heap after
{Heap after GC invocations=29 (full 0):
 garbage-first heap   total 102400K, used 29085K [0x0000000720e00000, 0x0000000800000000)
  region size 2048K, 2 young (4096K), 2 survivors (4096K)
 Metaspace       used 7898K, committed 8064K, reserved 1114112K
  class space    used 863K, committed 960K, reserved 1048576K
}
Event: 11.320 GC heap before
{Heap before GC invocations=29 (full 0):
 garbage-first heap   total 102400K, used 55709K [0x0000000720e00000, 0x0000000800000000)
  region size 2048K, 14 young (28672K), 2 survivors (4096K)
 Metaspace       used 8570K, committed 8704K, reserved 1114112K
  class space    used 934K, committed 1024K, reserved 1048576K
}
Event: 11.332 GC heap after
{Heap after GC invocations=30 (full 0):
 garbage-first heap   total 102400K, used 37032K [0x0000000720e00000, 0x0000000800000000)
  region size 2048K, 2 young (4096K), 2 survivors (4096K)
 Metaspace       used 8570K, committed 8704K, reserved 1114112K
  class space    used 934K, committed 1024K, reserved 1048576K
}

